{"_records":[{"Id":"6FExBoBDDiN","Title":"Saved Count: 2","Description":"[Test]\n- TestData/test1.bytes\n- test2.bytes\n- test3.bytes\n","Paths":["6FExBoBDDiN/TestData/test1.bytes","6FExBoBDDiN/test2.bytes","6FExBoBDDiN/test3.bytes"],"TimeStamp":"2025-11-22T15:09:28.1925450Z","IsStreamingAssets":false},{"Id":"6FEzh43GD5g","Title":"Saved Count: 3","Description":"[Test]\n- TestData/test1.bytes\n- test2.bytes\n- test3.bytes\n","Paths":["6FEzh43GD5g/TestData/test1.bytes","6FEzh43GD5g/test2.bytes","6FEzh43GD5g/test3.bytes"],"TimeStamp":"2025-11-22T15:09:29.5638900Z","IsStreamingAssets":false},{"Id":"6FEB1WZDxib","Title":"Saved Count: 4","Description":"[Test]\n- TestData/test1.bytes\n- test2.bytes\n- test3.bytes\n","Paths":["6FEB1WZDxib/TestData/test1.bytes","6FEB1WZDxib/test2.bytes","6FEB1WZDxib/test3.bytes"],"TimeStamp":"2025-11-22T15:09:31.0037260Z","IsStreamingAssets":false},{"Id":"6FEBxfT2ZQU","Title":"Saved Count: 5","Description":"[Test]\n- TestData/test1.bytes\n- test2.bytes\n- test3.bytes\n","Paths":["6FEBxfT2ZQU/TestData/test1.bytes","6FEBxfT2ZQU/test2.bytes","6FEBxfT2ZQU/test3.bytes"],"TimeStamp":"2025-11-22T15:09:31.4178590Z","IsStreamingAssets":false},{"Id":"6FEBMwTqv9X","Title":"Saved Count: 6","Description":"[Test]\n- TestData/test1.bytes\n- test2.bytes\n- test3.bytes\n","Paths":["6FEBMwTqv9X/TestData/test1.bytes","6FEBMwTqv9X/test2.bytes","6FEBMwTqv9X/test3.bytes"],"TimeStamp":"2025-11-22T15:09:31.6197810Z","IsStreamingAssets":false},{"Id":"6FEDcVl5ZDo","Title":"Saved Count: 7","Description":"[Test]\n- TestData/test1.bytes\n- test2.bytes\n- test3.bytes\n","Paths":["6FEDcVl5ZDo/TestData/test1.bytes","6FEDcVl5ZDo/test2.bytes","6FEDcVl5ZDo/test3.bytes"],"TimeStamp":"2025-11-22T15:09:32.7884060Z","IsStreamingAssets":false},{"Id":"6FEDAhYEILl","Title":"Saved Count: 8","Description":"[Test]\n- TestData/test1.bytes\n- test2.bytes\n- test3.bytes\n","Paths":["6FEDAhYEILl/TestData/test1.bytes","6FEDAhYEILl/test2.bytes","6FEDAhYEILl/test3.bytes"],"TimeStamp":"2025-11-22T15:09:33.0975060Z","IsStreamingAssets":false},{"Id":"6FEDNil4Ses","Title":"Saved Count: 9","Description":"[Test]\n- TestData/test1.bytes\n- test2.bytes\n- test3.bytes\n","Paths":["6FEDNil4Ses/TestData/test1.bytes","6FEDNil4Ses/test2.bytes","6FEDNil4Ses/test3.bytes"],"TimeStamp":"2025-11-22T15:09:33.2696030Z","IsStreamingAssets":false},{"Id":"6FEF85Rwej7","Title":"Saved Count: 10","Description":"[Test]\n- TestData/test1.bytes\n- test2.bytes\n- test3.bytes\n","Paths":["6FEF85Rwej7/TestData/test1.bytes","6FEF85Rwej7/test2.bytes","6FEF85Rwej7/test3.bytes"],"TimeStamp":"2025-11-22T15:09:34.3641440Z","IsStreamingAssets":false},{"Id":"6FEGMfygkci","Title":"Saved Count: 11","Description":"[Test]\n- TestData/test1.bytes\n- test2.bytes\n- test3.bytes\n","Paths":["6FEGMfygkci/TestData/test1.bytes","6FEGMfygkci/test2.bytes","6FEGMfygkci/test3.bytes"],"TimeStamp":"2025-11-22T15:09:35.7159300Z","IsStreamingAssets":false},{"Id":"6FEGZMJlc1R","Title":"Saved Count: 12","Description":"[Test]\n- TestData/test1.bytes\n- test2.bytes\n- test3.bytes\n","Paths":["6FEGZMJlc1R/TestData/test1.bytes","6FEGZMJlc1R/test2.bytes","6FEGZMJlc1R/test3.bytes"],"TimeStamp":"2025-11-22T15:09:35.8947840Z","IsStreamingAssets":false},{"Id":"6FEHckXLSkA","Title":"Saved Count: 13","Description":"[Test]\n- TestData/test1.bytes\n- test2.bytes\n- test3.bytes\n","Paths":["6FEHckXLSkA/TestData/test1.bytes","6FEHckXLSkA/test2.bytes","6FEHckXLSkA/test3.bytes"],"TimeStamp":"2025-11-22T15:09:36.0601260Z","IsStreamingAssets":false},{"Id":"6FEHv0W5pox","Title":"Saved Count: 14","Description":"[Test]\n- TestData/test1.bytes\n- test2.bytes\n- test3.bytes\n","Paths":["6FEHv0W5pox/TestData/test1.bytes","6FEHv0W5pox/test2.bytes","6FEHv0W5pox/test3.bytes"],"TimeStamp":"2025-11-22T15:09:36.3074050Z","IsStreamingAssets":false},{"Id":"6FEHJej9tYG","Title":"Saved Count: 15","Description":"[Test]\n- TestData/test1.bytes\n- test2.bytes\n- test3.bytes\n","Paths":["6FEHJej9tYG/TestData/test1.bytes","6FEHJej9tYG/test2.bytes","6FEHJej9tYG/test3.bytes"],"TimeStamp":"2025-11-22T15:09:36.4950800Z","IsStreamingAssets":false},{"Id":"6FEHW9YUofJ","Title":"Saved Count: 16","Description":"[Test]\n- TestData/test1.bytes\n- test2.bytes\n- test3.bytes\n","Paths":["6FEHW9YUofJ/TestData/test1.bytes","6FEHW9YUofJ/test2.bytes","6FEHW9YUofJ/test3.bytes"],"TimeStamp":"2025-11-22T15:09:36.6669310Z","IsStreamingAssets":false},{"Id":"6FEIUlKrt96","Title":"Saved Count: 17","Description":"[Test]\n- TestData/test1.bytes\n- test2.bytes\n- test3.bytes\n","Paths":["6FEIUlKrt96/TestData/test1.bytes","6FEIUlKrt96/test2.bytes","6FEIUlKrt96/test3.bytes"],"TimeStamp":"2025-11-22T15:09:37.4622540Z","IsStreamingAssets":false},{"Id":"7wq9OxOQmGt","Title":"Saved Count: 18\n[Scripts]","Description":"[Test]\n[Scripts]\n- TestData/test1.bytes\n- test2.bytes\n- test3.bytes\n","Paths":["7wq9OxOQmGt/TestData/test1.bytes","7wq9OxOQmGt/test2.bytes","7wq9OxOQmGt/test3.bytes"],"TimeStamp":"2025-11-24T13:21:24.9543340Z","IsStreamingAssets":false},{"Id":"7wwzUAGQrDz","Title":"[Scripts]\nSaved Count: 19","Description":"[Scripts]\n[Test]\n- TestData/test1.bytes\n- test2.bytes\n- test3.bytes\n[Scripts]\n[Test]\n- TestData/test1.bytes\n- test2.bytes\n- test3.bytes\n[Scripts]\n[Test]\n- TestData/test1.bytes\n- test2.bytes\n- test3.bytes\n[Scripts]\n[Test]\n- TestData/test1.bytes\n- test2.bytes\n- test3.bytes\n[Scripts]\n[Test]\n- TestData/test1.bytes\n- test2.bytes\n- test3.bytes\n\n","Paths":["7wwzUAGQrDz/TestData/test1.bytes","7wwzUAGQrDz/test2.bytes","7wwzUAGQrDz/test3.bytes"],"TimeStamp":"2025-11-24T13:26:51.3705710Z","IsStreamingAssets":false},{"Id":"7ynmGkRnu81","Title":"[Error]\nSaved Count: 20","Description":"[2025.11.25 00:03] Scene : TestScene\n[Exception] NullReferenceException: Object reference not set to an instance of an object\nTests.RunTimeTest.Start () (at Assets/RunTimeTests/Scripts/RunTime/RunTimeTest.cs:26)\n\n\n[Test]\n\n- TestData/test1.bytes\n- test2.bytes\n- test3.bytes\n","Paths":["7ynmGkRnu81/TestData/test1.bytes","7ynmGkRnu81/test2.bytes","7ynmGkRnu81/test3.bytes"],"TimeStamp":"2025-11-24T15:04:06.6932330Z","IsStreamingAssets":false},{"Id":"7yoDiSohbj3","Title":"[Error]\nSaved Count: 21","Description":"[2025.11.25 00:05] Scene : TestScene\n[Exception] NullReferenceException: Object reference not set to an instance of an object\nTests.RunTimeTest.Start () (at Assets/RunTimeTests/Scripts/RunTime/RunTimeTest.cs:26)\n\n\n[Test]\n\n- TestData/test1.bytes\n- test2.bytes\n- test3.bytes\n","Paths":["7yoDiSohbj3/TestData/test1.bytes","7yoDiSohbj3/test2.bytes","7yoDiSohbj3/test3.bytes"],"TimeStamp":"2025-11-24T15:05:11.1585150Z","IsStreamingAssets":false},{"Id":"7yq121LxVm1","Title":"[Error]\nSaved Count: 22","Description":"[2025.11.25 00:06] Scene : TestScene\n[Exception] NullReferenceException: Object reference not set to an instance of an object\nTests.RunTimeTest.Start () (at Assets/RunTimeTests/Scripts/RunTime/RunTimeTest.cs:26)\n\n\n[Test]\nPaths:\n- TestData/test1.bytes\n- test2.bytes\n- test3.bytes\n","Paths":["7yq121LxVm1/TestData/test1.bytes","7yq121LxVm1/test2.bytes","7yq121LxVm1/test3.bytes"],"TimeStamp":"2025-11-24T15:06:21.4511310Z","IsStreamingAssets":false},{"Id":"7yObZVEB5gl","Title":"[Error]\nSaved Count: 23","Description":"[2025.11.25 00:26] Scene : TestScene\n[Exception] Exception: Test Exception\nTests.RunTimeTest.OnErrorButtonClicked () (at Assets/RunTimeTests/Scripts/RunTime/RunTimeTest.cs:37)\nUnityEngine.Events.InvokableCall.Invoke () (at /Users/bokken/build/output/unity/unity/Runtime/Export/UnityEvent/UnityEvent.cs:178)\nUnityEngine.Events.UnityEvent.Invoke () (at /Users/bokken/build/output/unity/unity/artifacts/generated/UnityEvent/UnityEvent_0.cs:57)\nUnityEngine.UI.Button.Press () (at ./Library/PackageCache/com.unity.ugui@1.0.0/Runtime/UI/Core/Button.cs:70)\nUnityEngine.UI.Button.OnPointerClick (UnityEngine.EventSystems.PointerEventData eventData) (at ./Library/PackageCache/com.unity.ugui@1.0.0/Runtime/UI/Core/Button.cs:114)\nUnityEngine.EventSystems.ExecuteEvents.Execute (UnityEngine.EventSystems.IPointerClickHandler handler, UnityEngine.EventSystems.BaseEventData eventData) (at ./Library/PackageCache/com.unity.ugui@1.0.0/Runtime/EventSystem/ExecuteEvents.cs:57)\nUnityEngine.EventSystems.ExecuteEvents.Execute[T] (UnityEngine.GameObject target, UnityEngine.EventSystems.BaseEventData eventData, UnityEngine.EventSystems.ExecuteEvents+EventFunction`1[T1] functor) (at ./Library/PackageCache/com.unity.ugui@1.0.0/Runtime/EventSystem/ExecuteEvents.cs:272)\nUnityEngine.EventSystems.EventSystem:Update() (at ./Library/PackageCache/com.unity.ugui@1.0.0/Runtime/EventSystem/EventSystem.cs:530)\n\n[2025.11.25 00:26] Scene : TestScene\n[Exception] Exception: Test Exception\nTests.RunTimeTest.OnErrorButtonClicked () (at Assets/RunTimeTests/Scripts/RunTime/RunTimeTest.cs:37)\nUnityEngine.Events.InvokableCall.Invoke () (at /Users/bokken/build/output/unity/unity/Runtime/Export/UnityEvent/UnityEvent.cs:178)\nUnityEngine.Events.UnityEvent.Invoke () (at /Users/bokken/build/output/unity/unity/artifacts/generated/UnityEvent/UnityEvent_0.cs:57)\nUnityEngine.UI.Button.Press () (at ./Library/PackageCache/com.unity.ugui@1.0.0/Runtime/UI/Core/Button.cs:70)\nUnityEngine.UI.Button.OnPointerClick (UnityEngine.EventSystems.PointerEventData eventData) (at ./Library/PackageCache/com.unity.ugui@1.0.0/Runtime/UI/Core/Button.cs:114)\nUnityEngine.EventSystems.ExecuteEvents.Execute (UnityEngine.EventSystems.IPointerClickHandler handler, UnityEngine.EventSystems.BaseEventData eventData) (at ./Library/PackageCache/com.unity.ugui@1.0.0/Runtime/EventSystem/ExecuteEvents.cs:57)\nUnityEngine.EventSystems.ExecuteEvents.Execute[T] (UnityEngine.GameObject target, UnityEngine.EventSystems.BaseEventData eventData, UnityEngine.EventSystems.ExecuteEvents+EventFunction`1[T1] functor) (at ./Library/PackageCache/com.unity.ugui@1.0.0/Runtime/EventSystem/ExecuteEvents.cs:272)\nUnityEngine.EventSystems.EventSystem:Update() (at ./Library/PackageCache/com.unity.ugui@1.0.0/Runtime/EventSystem/EventSystem.cs:530)\n\n\n[Test]\nPaths:\n- TestData/test1.bytes\n- test2.bytes\n- test3.bytes\n","Paths":["7yObZVEB5gl/TestData/test1.bytes","7yObZVEB5gl/test2.bytes","7yObZVEB5gl/test3.bytes"],"TimeStamp":"2025-11-24T15:26:50.5126610Z","IsStreamingAssets":false},{"Id":"7z3PHhy5cYN","Title":"[Error]\nSaved Count: 24","Description":"[2025.11.25 00:39] Scene : TestScene\n[Exception] Exception: Test Exception\nTests.RunTimeTest.OnErrorButtonClicked () (at Assets/RunTimeTests/Scripts/RunTime/RunTimeTest.cs:37)\nUnityEngine.Events.InvokableCall.Invoke () (at /Users/bokken/build/output/unity/unity/Runtime/Export/UnityEvent/UnityEvent.cs:178)\nUnityEngine.Events.UnityEvent.Invoke () (at /Users/bokken/build/output/unity/unity/artifacts/generated/UnityEvent/UnityEvent_0.cs:57)\nUnityEngine.UI.Button.Press () (at ./Library/PackageCache/com.unity.ugui@1.0.0/Runtime/UI/Core/Button.cs:70)\nUnityEngine.UI.Button.OnPointerClick (UnityEngine.EventSystems.PointerEventData eventData) (at ./Library/PackageCache/com.unity.ugui@1.0.0/Runtime/UI/Core/Button.cs:114)\nUnityEngine.EventSystems.ExecuteEvents.Execute (UnityEngine.EventSystems.IPointerClickHandler handler, UnityEngine.EventSystems.BaseEventData eventData) (at ./Library/PackageCache/com.unity.ugui@1.0.0/Runtime/EventSystem/ExecuteEvents.cs:57)\nUnityEngine.EventSystems.ExecuteEvents.Execute[T] (UnityEngine.GameObject target, UnityEngine.EventSystems.BaseEventData eventData, UnityEngine.EventSystems.ExecuteEvents+EventFunction`1[T1] functor) (at ./Library/PackageCache/com.unity.ugui@1.0.0/Runtime/EventSystem/ExecuteEvents.cs:272)\nUnityEngine.EventSystems.EventSystem:Update() (at ./Library/PackageCache/com.unity.ugui@1.0.0/Runtime/EventSystem/EventSystem.cs:530)\n\n[2025.11.25 00:39] Scene : TestScene\n[Exception] Exception: Test Exception\nTests.RunTimeTest.OnErrorButtonClicked () (at Assets/RunTimeTests/Scripts/RunTime/RunTimeTest.cs:37)\nUnityEngine.Events.InvokableCall.Invoke () (at /Users/bokken/build/output/unity/unity/Runtime/Export/UnityEvent/UnityEvent.cs:178)\nUnityEngine.Events.UnityEvent.Invoke () (at /Users/bokken/build/output/unity/unity/artifacts/generated/UnityEvent/UnityEvent_0.cs:57)\nUnityEngine.UI.Button.Press () (at ./Library/PackageCache/com.unity.ugui@1.0.0/Runtime/UI/Core/Button.cs:70)\nUnityEngine.UI.Button.OnPointerClick (UnityEngine.EventSystems.PointerEventData eventData) (at ./Library/PackageCache/com.unity.ugui@1.0.0/Runtime/UI/Core/Button.cs:114)\nUnityEngine.EventSystems.ExecuteEvents.Execute (UnityEngine.EventSystems.IPointerClickHandler handler, UnityEngine.EventSystems.BaseEventData eventData) (at ./Library/PackageCache/com.unity.ugui@1.0.0/Runtime/EventSystem/ExecuteEvents.cs:57)\nUnityEngine.EventSystems.ExecuteEvents.Execute[T] (UnityEngine.GameObject target, UnityEngine.EventSystems.BaseEventData eventData, UnityEngine.EventSystems.ExecuteEvents+EventFunction`1[T1] functor) (at ./Library/PackageCache/com.unity.ugui@1.0.0/Runtime/EventSystem/ExecuteEvents.cs:272)\nUnityEngine.EventSystems.EventSystem:Update() (at ./Library/PackageCache/com.unity.ugui@1.0.0/Runtime/EventSystem/EventSystem.cs:530)\n\n[2025.11.25 00:39] Scene : TestScene\n[Exception] Exception: Test Exception\nTests.RunTimeTest.OnErrorButtonClicked () (at Assets/RunTimeTests/Scripts/RunTime/RunTimeTest.cs:37)\nUnityEngine.Events.InvokableCall.Invoke () (at /Users/bokken/build/output/unity/unity/Runtime/Export/UnityEvent/UnityEvent.cs:178)\nUnityEngine.Events.UnityEvent.Invoke () (at /Users/bokken/build/output/unity/unity/artifacts/generated/UnityEvent/UnityEvent_0.cs:57)\nUnityEngine.UI.Button.Press () (at ./Library/PackageCache/com.unity.ugui@1.0.0/Runtime/UI/Core/Button.cs:70)\nUnityEngine.UI.Button.OnPointerClick (UnityEngine.EventSystems.PointerEventData eventData) (at ./Library/PackageCache/com.unity.ugui@1.0.0/Runtime/UI/Core/Button.cs:114)\nUnityEngine.EventSystems.ExecuteEvents.Execute (UnityEngine.EventSystems.IPointerClickHandler handler, UnityEngine.EventSystems.BaseEventData eventData) (at ./Library/PackageCache/com.unity.ugui@1.0.0/Runtime/EventSystem/ExecuteEvents.cs:57)\nUnityEngine.EventSystems.ExecuteEvents.Execute[T] (UnityEngine.GameObject target, UnityEngine.EventSystems.BaseEventData eventData, UnityEngine.EventSystems.ExecuteEvents+EventFunction`1[T1] functor) (at ./Library/PackageCache/com.unity.ugui@1.0.0/Runtime/EventSystem/ExecuteEvents.cs:272)\nUnityEngine.EventSystems.EventSystem:Update() (at ./Library/PackageCache/com.unity.ugui@1.0.0/Runtime/EventSystem/EventSystem.cs:530)\n\n[2025.11.25 00:39] Scene : TestScene\n[Exception] Exception: Test Exception\nTests.RunTimeTest.OnErrorButtonClicked () (at Assets/RunTimeTests/Scripts/RunTime/RunTimeTest.cs:37)\nUnityEngine.Events.InvokableCall.Invoke () (at /Users/bokken/build/output/unity/unity/Runtime/Export/UnityEvent/UnityEvent.cs:178)\nUnityEngine.Events.UnityEvent.Invoke () (at /Users/bokken/build/output/unity/unity/artifacts/generated/UnityEvent/UnityEvent_0.cs:57)\nUnityEngine.UI.Button.Press () (at ./Library/PackageCache/com.unity.ugui@1.0.0/Runtime/UI/Core/Button.cs:70)\nUnityEngine.UI.Button.OnPointerClick (UnityEngine.EventSystems.PointerEventData eventData) (at ./Library/PackageCache/com.unity.ugui@1.0.0/Runtime/UI/Core/Button.cs:114)\nUnityEngine.EventSystems.ExecuteEvents.Execute (UnityEngine.EventSystems.IPointerClickHandler handler, UnityEngine.EventSystems.BaseEventData eventData) (at ./Library/PackageCache/com.unity.ugui@1.0.0/Runtime/EventSystem/ExecuteEvents.cs:57)\nUnityEngine.EventSystems.ExecuteEvents.Execute[T] (UnityEngine.GameObject target, UnityEngine.EventSystems.BaseEventData eventData, UnityEngine.EventSystems.ExecuteEvents+EventFunction`1[T1] functor) (at ./Library/PackageCache/com.unity.ugui@1.0.0/Runtime/EventSystem/ExecuteEvents.cs:272)\nUnityEngine.EventSystems.EventSystem:Update() (at ./Library/PackageCache/com.unity.ugui@1.0.0/Runtime/EventSystem/EventSystem.cs:530)\n\n\n[Test]\nPaths:\n- TestData/test1.bytes\n- test2.bytes\n- test3.bytes\n","Paths":["7z3PHhy5cYN/TestData/test1.bytes","7z3PHhy5cYN/test2.bytes","7z3PHhy5cYN/test3.bytes"],"TimeStamp":"2025-11-24T15:40:05.6077730Z","IsStreamingAssets":false},{"Id":"8EsyrQt9O5X","Title":"[Error]\nSaved Count: 25","Description":"[11/27/2025 11:40 AM] Scene : TestScene\n[Exception] Exception: Test Exception\nTests.RunTimeTest.OnErrorButtonClicked () (at Assets/RunTimeTests/Scripts/RunTime/RunTimeTest.cs:37)\nUnityEngine.Events.InvokableCall.Invoke () (at /Users/bokken/build/output/unity/unity/Runtime/Export/UnityEvent/UnityEvent.cs:178)\nUnityEngine.Events.UnityEvent.Invoke () (at /Users/bokken/build/output/unity/unity/artifacts/generated/UnityEvent/UnityEvent_0.cs:57)\nUnityEngine.UI.Button.Press () (at ./Library/PackageCache/com.unity.ugui@1.0.0/Runtime/UI/Core/Button.cs:70)\nUnityEngine.UI.Button.OnPointerClick (UnityEngine.EventSystems.PointerEventData eventData) (at ./Library/PackageCache/com.unity.ugui@1.0.0/Runtime/UI/Core/Button.cs:114)\nUnityEngine.EventSystems.ExecuteEvents.Execute (UnityEngine.EventSystems.IPointerClickHandler handler, UnityEngine.EventSystems.BaseEventData eventData) (at ./Library/PackageCache/com.unity.ugui@1.0.0/Runtime/EventSystem/ExecuteEvents.cs:57)\nUnityEngine.EventSystems.ExecuteEvents.Execute[T] (UnityEngine.GameObject target, UnityEngine.EventSystems.BaseEventData eventData, UnityEngine.EventSystems.ExecuteEvents+EventFunction`1[T1] functor) (at ./Library/PackageCache/com.unity.ugui@1.0.0/Runtime/EventSystem/ExecuteEvents.cs:272)\nUnityEngine.EventSystems.EventSystem:Update() (at ./Library/PackageCache/com.unity.ugui@1.0.0/Runtime/EventSystem/EventSystem.cs:530)\n\n\n[Test]\nPaths:\n- TestData/test1.bytes\n- test2.bytes\n- test3.bytes\n","Paths":["8EsyrQt9O5X/TestData/test1.bytes","8EsyrQt9O5X/test2.bytes","8EsyrQt9O5X/test3.bytes"],"TimeStamp":"2025-11-27T02:40:36.2252560Z","IsStreamingAssets":false},{"Id":"8HcKmIYNKBr","Title":"[Error]\nSaved Count: 26","Description":"[11/27/2025 2:04 PM] Scene : TestScene\n[Exception] Exception: Test Exception\nTests.RunTimeTest.OnErrorButtonClicked () (at Assets/RunTimeTests/Scripts/RunTime/RunTimeTest.cs:37)\nUnityEngine.Events.InvokableCall.Invoke () (at /Users/bokken/build/output/unity/unity/Runtime/Export/UnityEvent/UnityEvent.cs:178)\nUnityEngine.Events.UnityEvent.Invoke () (at /Users/bokken/build/output/unity/unity/artifacts/generated/UnityEvent/UnityEvent_0.cs:57)\nUnityEngine.UI.Button.Press () (at ./Library/PackageCache/com.unity.ugui@1.0.0/Runtime/UI/Core/Button.cs:70)\nUnityEngine.UI.Button.OnPointerClick (UnityEngine.EventSystems.PointerEventData eventData) (at ./Library/PackageCache/com.unity.ugui@1.0.0/Runtime/UI/Core/Button.cs:114)\nUnityEngine.EventSystems.ExecuteEvents.Execute (UnityEngine.EventSystems.IPointerClickHandler handler, UnityEngine.EventSystems.BaseEventData eventData) (at ./Library/PackageCache/com.unity.ugui@1.0.0/Runtime/EventSystem/ExecuteEvents.cs:57)\nUnityEngine.EventSystems.ExecuteEvents.Execute[T] (UnityEngine.GameObject target, UnityEngine.EventSystems.BaseEventData eventData, UnityEngine.EventSystems.ExecuteEvents+EventFunction`1[T1] functor) (at ./Library/PackageCache/com.unity.ugui@1.0.0/Runtime/EventSystem/ExecuteEvents.cs:272)\nUnityEngine.EventSystems.EventSystem:Update() (at ./Library/PackageCache/com.unity.ugui@1.0.0/Runtime/EventSystem/EventSystem.cs:530)\n\n\n[Test]\nPaths:\n- TestData/test1.bytes\n- test2.bytes\n- test3.bytes\n","Paths":["8HcKmIYNKBr/TestData/test1.bytes","8HcKmIYNKBr/test2.bytes","8HcKmIYNKBr/test3.bytes"],"TimeStamp":"2025-11-27T05:04:48.1629160Z","IsStreamingAssets":false},{"Id":"8HiKoS6yBbP","Title":"[Error]\nSaved Count: 27","Description":"[2025/11/27 14:09] Scene : TestScene\n[Exception] Exception: Test Exception\nTests.RunTimeTest.OnErrorButtonClicked () (at Assets/RunTimeTests/Scripts/RunTime/RunTimeTest.cs:37)\nUnityEngine.Events.InvokableCall.Invoke () (at /Users/bokken/build/output/unity/unity/Runtime/Export/UnityEvent/UnityEvent.cs:178)\nUnityEngine.Events.UnityEvent.Invoke () (at /Users/bokken/build/output/unity/unity/artifacts/generated/UnityEvent/UnityEvent_0.cs:57)\nUnityEngine.UI.Button.Press () (at ./Library/PackageCache/com.unity.ugui@1.0.0/Runtime/UI/Core/Button.cs:70)\nUnityEngine.UI.Button.OnPointerClick (UnityEngine.EventSystems.PointerEventData eventData) (at ./Library/PackageCache/com.unity.ugui@1.0.0/Runtime/UI/Core/Button.cs:114)\nUnityEngine.EventSystems.ExecuteEvents.Execute (UnityEngine.EventSystems.IPointerClickHandler handler, UnityEngine.EventSystems.BaseEventData eventData) (at ./Library/PackageCache/com.unity.ugui@1.0.0/Runtime/EventSystem/ExecuteEvents.cs:57)\nUnityEngine.EventSystems.ExecuteEvents.Execute[T] (UnityEngine.GameObject target, UnityEngine.EventSystems.BaseEventData eventData, UnityEngine.EventSystems.ExecuteEvents+EventFunction`1[T1] functor) (at ./Library/PackageCache/com.unity.ugui@1.0.0/Runtime/EventSystem/ExecuteEvents.cs:272)\nUnityEngine.EventSystems.EventSystem:Update() (at ./Library/PackageCache/com.unity.ugui@1.0.0/Runtime/EventSystem/EventSystem.cs:530)\n\n\n[Test]\nPaths:\n- TestData/test1.bytes\n- test2.bytes\n- test3.bytes\n","Paths":["8HiKoS6yBbP/TestData/test1.bytes","8HiKoS6yBbP/test2.bytes","8HiKoS6yBbP/test3.bytes"],"TimeStamp":"2025-11-27T05:09:53.2085970Z","IsStreamingAssets":false},{"Id":"8HA34h3bPFf","Title":"[Error]\nSaved Count: 28","Description":"[11/27 14:24] Scene : TestScene\n[Exception] Exception: Test Exception\nTests.RunTimeTest.OnErrorButtonClicked () (at Assets/RunTimeTests/Scripts/RunTime/RunTimeTest.cs:37)\nUnityEngine.Events.InvokableCall.Invoke () (at /Users/bokken/build/output/unity/unity/Runtime/Export/UnityEvent/UnityEvent.cs:178)\nUnityEngine.Events.UnityEvent.Invoke () (at /Users/bokken/build/output/unity/unity/artifacts/generated/UnityEvent/UnityEvent_0.cs:57)\nUnityEngine.UI.Button.Press () (at ./Library/PackageCache/com.unity.ugui@1.0.0/Runtime/UI/Core/Button.cs:70)\nUnityEngine.UI.Button.OnPointerClick (UnityEngine.EventSystems.PointerEventData eventData) (at ./Library/PackageCache/com.unity.ugui@1.0.0/Runtime/UI/Core/Button.cs:114)\nUnityEngine.EventSystems.ExecuteEvents.Execute (UnityEngine.EventSystems.IPointerClickHandler handler, UnityEngine.EventSystems.BaseEventData eventData) (at ./Library/PackageCache/com.unity.ugui@1.0.0/Runtime/EventSystem/ExecuteEvents.cs:57)\nUnityEngine.EventSystems.ExecuteEvents.Execute[T] (UnityEngine.GameObject target, UnityEngine.EventSystems.BaseEventData eventData, UnityEngine.EventSystems.ExecuteEvents+EventFunction`1[T1] functor) (at ./Library/PackageCache/com.unity.ugui@1.0.0/Runtime/EventSystem/ExecuteEvents.cs:272)\nUnityEngine.EventSystems.EventSystem:Update() (at ./Library/PackageCache/com.unity.ugui@1.0.0/Runtime/EventSystem/EventSystem.cs:530)\n\n\n[Test]\nPaths:\n- TestData/test1.bytes\n- test2.bytes\n- test3.bytes\n","Paths":["8HA34h3bPFf/TestData/test1.bytes","8HA34h3bPFf/test2.bytes","8HA34h3bPFf/test3.bytes"],"TimeStamp":"2025-11-27T05:24:32.7312280Z","IsStreamingAssets":false},{"Id":"8HESafq51Rf","Title":"[Error]\nSaved Count: 29","Description":"[2025/11/27 14:28] Scene : TestScene\n[Exception] Exception: Test Exception\nTests.RunTimeTest.OnErrorButtonClicked () (at Assets/RunTimeTests/Scripts/RunTime/RunTimeTest.cs:37)\nUnityEngine.Events.InvokableCall.Invoke () (at /Users/bokken/build/output/unity/unity/Runtime/Export/UnityEvent/UnityEvent.cs:178)\nUnityEngine.Events.UnityEvent.Invoke () (at /Users/bokken/build/output/unity/unity/artifacts/generated/UnityEvent/UnityEvent_0.cs:57)\nUnityEngine.UI.Button.Press () (at ./Library/PackageCache/com.unity.ugui@1.0.0/Runtime/UI/Core/Button.cs:70)\nUnityEngine.UI.Button.OnPointerClick (UnityEngine.EventSystems.PointerEventData eventData) (at ./Library/PackageCache/com.unity.ugui@1.0.0/Runtime/UI/Core/Button.cs:114)\nUnityEngine.EventSystems.ExecuteEvents.Execute (UnityEngine.EventSystems.IPointerClickHandler handler, UnityEngine.EventSystems.BaseEventData eventData) (at ./Library/PackageCache/com.unity.ugui@1.0.0/Runtime/EventSystem/ExecuteEvents.cs:57)\nUnityEngine.EventSystems.ExecuteEvents.Execute[T] (UnityEngine.GameObject target, UnityEngine.EventSystems.BaseEventData eventData, UnityEngine.EventSystems.ExecuteEvents+EventFunction`1[T1] functor) (at ./Library/PackageCache/com.unity.ugui@1.0.0/Runtime/EventSystem/ExecuteEvents.cs:272)\nUnityEngine.EventSystems.EventSystem:Update() (at ./Library/PackageCache/com.unity.ugui@1.0.0/Runtime/EventSystem/EventSystem.cs:530)\n\n\n[Test]\nPaths:\n- TestData/test1.bytes\n- test2.bytes\n- test3.bytes\n","Paths":["8HESafq51Rf/TestData/test1.bytes","8HESafq51Rf/test2.bytes","8HESafq51Rf/test3.bytes"],"TimeStamp":"2025-11-27T05:28:37.9722490Z","IsStreamingAssets":false},{"Id":"9a5NlxU6E1P","Title":"[Scripts]\nSaved Count: 30","Description":"[Scripts]\n[Test]\nPaths:\n- TestData/test1.bytes\n- test2.bytes\n- test3.bytes\n","Paths":["9a5NlxU6E1P/TestData/test1.bytes","9a5NlxU6E1P/test2.bytes","9a5NlxU6E1P/test3.bytes"],"TimeStamp":"2025-11-28T06:22:18.3620220Z","IsStreamingAssets":false},{"Id":"9cfQxmWuEOl","Title":"[Scripts]\nSaved Count: 31","Description":"[Scripts]\n[Test]\nPaths:\n- TestData/test1.bytes\n- test2.bytes\n- test3.bytes\n","Paths":["9cfQxmWuEOl/TestData/test1.bytes","9cfQxmWuEOl/test2.bytes","9cfQxmWuEOl/test3.bytes"],"TimeStamp":"2025-11-28T08:15:53.0374910Z","IsStreamingAssets":false},{"Id":"9cgh0rQguYy","Title":"Saved Count: 32","Description":"[Test]\nPaths:\n- TestData/test1.bytes\n- test2.bytes\n- test3.bytes\n","Paths":["9cgh0rQguYy/TestData/test1.bytes","9cgh0rQguYy/test2.bytes","9cgh0rQguYy/test3.bytes"],"TimeStamp":"2025-11-28T08:16:14.7405250Z","IsStreamingAssets":false},{"Id":"aEJhaaMpCa5","Title":"Saved Count: 33","Description":"[Test]\nPaths:\n- TestData/test1.bytes\n- test2.bytes\n- test3.bytes\n","Paths":["aEJhaaMpCa5/TestData/test1.bytes","aEJhaaMpCa5/test2.bytes","aEJhaaMpCa5/test3.bytes"],"TimeStamp":"2025-12-01T15:28:35.4930380Z","IsStreamingAssets":false},{"Id":"aEMyusf5nfX","Title":"Saved Count: 34","Description":"[Test]\nPaths:\n- TestData/test1.bytes\n- test2.bytes\n- test3.bytes\n","Paths":["aEMyusf5nfX/TestData/test1.bytes","aEMyusf5nfX/test2.bytes","aEMyusf5nfX/test3.bytes"],"TimeStamp":"2025-12-01T15:31:22.2085560Z","IsStreamingAssets":false}],"_machineId":933135}